<?xml version="1.0" encoding="UTF-8"?>
<!-- Generated by org.testng.reporters.JUnitXMLReporter -->
<testsuite hostname="DESKTOP-AQ8GQJP" name="Default test(failed)" tests="1" failures="0" timestamp="10 Aug 2020 10:26:08 GMT" time="0.033" errors="0">
  <testcase name="@BeforeClass setUp" time="0.0" classname="com.ebanking.testcases.TC_Ebanking_002">
    <failure type="org.testng.TestNGException" message="
Parameter &amp;apos;browser&amp;apos; is required by @Configuration on method setUp but has not been marked @Optional or defined
in C:\Users\Phurkan\workspace\ebanking\test-output\Default suite\testng-failed.xml">
      <![CDATA[org.testng.TestNGException: 
Parameter 'browser' is required by @Configuration on method setUp but has not been marked @Optional or defined
in C:\Users\Phurkan\workspace\ebanking\test-output\Default suite\testng-failed.xml
... Removed 21 stack frames]]>
    </failure>
  </testcase> <!-- @BeforeClass setUp -->
  <testcase name="@AfterClass tearDown" time="0.0" classname="com.ebanking.testcases.TC_Ebanking_002">
    <skipped/>
  </testcase> <!-- @AfterClass tearDown -->
  <testcase name="addNewCostumer" time="0.002" classname="com.ebanking.testcases.TC_Ebanking_002">
    <skipped/>
  </testcase> <!-- addNewCostumer -->
</testsuite> <!-- Default test(failed) -->
